<?xml version="1.0" encoding="utf-8" standalone="no"?>
<!--This file represents the results of running a test suite-->
<test-results name="C:\Users\dprothero\Documents\GitHub\ngit\bin\NGit.Test.dll" total="2194" errors="20" failures="19" not-run="22" inconclusive="0" ignored="22" skipped="0" invalid="0" date="2012-07-07" time="13:13:58">
  <environment nunit-version="2.6.0.12051" clr-version="2.0.50727.5456" os-version="Microsoft Windows NT 6.1.7601 Service Pack 1" platform="Win32NT" cwd="C:\Program Files (x86)\NUnit 2.6\bin" machine-name="PROWIN1" user="dprothero" user-domain="prowin1" />
  <culture-info current-culture="en-US" current-uiculture="en-US" />
  <test-suite type="Assembly" name="C:\Users\dprothero\Documents\GitHub\ngit\bin\NGit.Test.dll" executed="True" result="Failure" success="False" time="98.730" asserts="0">
    <results>
      <test-suite type="Namespace" name="NGit" executed="True" result="Failure" success="False" time="98.729" asserts="0">
        <results>
          <test-suite type="TestFixture" name="AbbreviatedObjectIdTest" executed="True" result="Success" success="True" time="0.050" asserts="0">
            <results>
              <test-case name="NGit.AbbreviatedObjectIdTest.Test1_FromString" executed="True" result="Success" success="True" time="0.001" asserts="5" />
              <test-case name="NGit.AbbreviatedObjectIdTest.Test17_FromString" executed="True" result="Success" success="True" time="0.000" asserts="5" />
              <test-case name="NGit.AbbreviatedObjectIdTest.Test2_FromString" executed="True" result="Success" success="True" time="0.000" asserts="5" />
              <test-case name="NGit.AbbreviatedObjectIdTest.Test3_FromString" executed="True" result="Success" success="True" time="0.000" asserts="5" />
              <test-case name="NGit.AbbreviatedObjectIdTest.Test4_FromString" executed="True" result="Success" success="True" time="0.000" asserts="5" />
              <test-case name="NGit.AbbreviatedObjectIdTest.Test5_FromString" executed="True" result="Success" success="True" time="0.001" asserts="5" />
              <test-case name="NGit.AbbreviatedObjectIdTest.Test6_FromString" executed="True" result="Success" success="True" time="0.000" asserts="5" />
              <test-case name="NGit.AbbreviatedObjectIdTest.Test7_FromString" executed="True" result="Success" success="True" time="0.000" asserts="5" />
              <test-case name="NGit.AbbreviatedObjectIdTest.Test8_FromString" executed="True" result="Success" success="True" time="0.001" asserts="5" />
              <test-case name="NGit.AbbreviatedObjectIdTest.Test9_FromString" executed="True" result="Success" success="True" time="0.000" asserts="5" />
              <test-case name="NGit.AbbreviatedObjectIdTest.TestEmpty_FromByteArray" executed="True" result="Success" success="True" time="0.001" asserts="4" />
              <test-case name="NGit.AbbreviatedObjectIdTest.TestEmpty_FromString" executed="True" result="Success" success="True" time="0.000" asserts="4" />
              <test-case name="NGit.AbbreviatedObjectIdTest.TestEquals_Full" executed="True" result="Success" success="True" time="0.000" asserts="4" />
              <test-case name="NGit.AbbreviatedObjectIdTest.TestEquals_Short" executed="True" result="Success" success="True" time="0.001" asserts="4" />
              <test-case name="NGit.AbbreviatedObjectIdTest.TestFull_FromByteArray" executed="True" result="Success" success="True" time="0.000" asserts="7" />
              <test-case name="NGit.AbbreviatedObjectIdTest.TestFull_FromString" executed="True" result="Success" success="True" time="0.001" asserts="7" />
              <test-case name="NGit.AbbreviatedObjectIdTest.TestIsId" executed="True" result="Success" success="True" time="0.000" asserts="11" />
              <test-case name="NGit.AbbreviatedObjectIdTest.TestNotEquals_DiffLength" executed="True" result="Success" success="True" time="0.001" asserts="2" />
              <test-case name="NGit.AbbreviatedObjectIdTest.TestNotEquals_SameLength" executed="True" result="Success" success="True" time="0.000" asserts="2" />
              <test-case name="NGit.AbbreviatedObjectIdTest.TestPrefixCompare_1" executed="True" result="Success" success="True" time="0.001" asserts="6" />
              <test-case name="NGit.AbbreviatedObjectIdTest.TestPrefixCompare_17" executed="True" result="Success" success="True" time="0.000" asserts="6" />
              <test-case name="NGit.AbbreviatedObjectIdTest.TestPrefixCompare_7" executed="True" result="Success" success="True" time="0.001" asserts="6" />
              <test-case name="NGit.AbbreviatedObjectIdTest.TestPrefixCompare_8" executed="True" result="Success" success="True" time="0.000" asserts="6" />
              <test-case name="NGit.AbbreviatedObjectIdTest.TestPrefixCompare_9" executed="True" result="Success" success="True" time="0.001" asserts="6" />
              <test-case name="NGit.AbbreviatedObjectIdTest.TestPrefixCompare_Full" executed="True" result="Success" success="True" time="0.001" asserts="6" />
            </results>
          </test-suite>
          <test-suite type="Namespace" name="Api" executed="True" result="Failure" success="False" time="32.312" asserts="0">
            <results>
              <test-suite type="TestFixture" name="AddCommandTest" executed="True" result="Success" success="True" time="0.646" asserts="0">
                <results>
                  <test-case name="NGit.Api.AddCommandTest.TestAddExistingSingleBinaryFile" executed="True" result="Success" success="True" time="0.030" asserts="4" />
                  <test-case name="NGit.Api.AddCommandTest.TestAddExistingSingleFile" executed="True" result="Success" success="True" time="0.020" asserts="2" />
                  <test-case name="NGit.Api.AddCommandTest.TestAddExistingSingleFileInSubDir" executed="True" result="Success" success="True" time="0.021" asserts="2" />
                  <test-case name="NGit.Api.AddCommandTest.TestAddExistingSingleFileTwice" executed="True" result="Success" success="True" time="0.031" asserts="2" />
                  <test-case name="NGit.Api.AddCommandTest.TestAddExistingSingleFileTwiceWithCommit" executed="True" result="Success" success="True" time="0.037" asserts="2" />
                  <test-case name="NGit.Api.AddCommandTest.TestAddExistingSingleMediumSizeFileWithNewLine" executed="True" result="Success" success="True" time="0.032" asserts="4" />
                  <test-case name="NGit.Api.AddCommandTest.TestAddExistingSingleSmallFileWithNewLine" executed="True" result="Success" success="True" time="0.029" asserts="4" />
                  <test-case name="NGit.Api.AddCommandTest.TestAddFolder" executed="True" result="Success" success="True" time="0.023" asserts="2" />
                  <test-case name="NGit.Api.AddCommandTest.TestAddIgnoredFile" executed="True" result="Success" success="True" time="0.023" asserts="2" />
                  <test-case name="NGit.Api.AddCommandTest.TestAddNonExistingSingleFile" executed="True" result="Success" success="True" time="0.014" asserts="2" />
                  <test-case name="NGit.Api.AddCommandTest.TestAddNothing" executed="True" result="Success" success="True" time="0.013" asserts="1" />
                  <test-case name="NGit.Api.AddCommandTest.TestAddRemovedCommittedFile" executed="True" result="Success" success="True" time="0.034" asserts="2" />
                  <test-case name="NGit.Api.AddCommandTest.TestAddRemovedFile" executed="True" result="Success" success="True" time="0.021" asserts="2" />
                  <test-case name="NGit.Api.AddCommandTest.TestAddTwoFiles" executed="True" result="Success" success="True" time="0.023" asserts="2" />
                  <test-case name="NGit.Api.AddCommandTest.TestAddWholeRepo" executed="True" result="Success" success="True" time="0.024" asserts="2" />
                  <test-case name="NGit.Api.AddCommandTest.TestAddWithConflicts" executed="True" result="Success" success="True" time="0.033" asserts="3" />
                  <test-case name="NGit.Api.AddCommandTest.TestAddWithoutParameterUpdate" executed="True" result="Success" success="True" time="0.052" asserts="3" />
                  <test-case name="NGit.Api.AddCommandTest.TestAddWithParameterUpdate" executed="True" result="Success" success="True" time="0.047" asserts="3" />
                  <test-case name="NGit.Api.AddCommandTest.TestAssumeUnchanged" executed="True" result="Success" success="True" time="0.047" asserts="4" />
                  <test-case name="NGit.Api.AddCommandTest.TestExecutableRetention" executed="True" result="Success" success="True" time="0.058" asserts="5" />
                </results>
              </test-suite>
              <test-suite type="TestFixture" name="ApplyCommandTest" executed="True" result="Failure" success="False" time="0.227" asserts="0">
                <results>
                  <test-case name="NGit.Api.ApplyCommandTest.TestAddA1" executed="True" result="Error" success="False" time="0.013" asserts="1">
                    <failure>
                      <message><![CDATA[NGit.Errors.InvalidObjectIdException : Invalid id : de98044]]></message>
                      <stack-trace><![CDATA[at NGit.AbbreviatedObjectId.FromHexString(Byte[] bs, Int32 ptr, Int32 end) in C:\Users\dprothero\Documents\GitHub\ngit\NGit\NGit\AbbreviatedObjectId.cs:line 174
at NGit.AbbreviatedObjectId.FromString(Byte[] buf, Int32 offset, Int32 end) in C:\Users\dprothero\Documents\GitHub\ngit\NGit\NGit\AbbreviatedObjectId.cs:line 119
at NGit.Patch.FileHeader.ParseIndexLine(Int32 ptr, Int32 end) in C:\Users\dprothero\Documents\GitHub\ngit\NGit\NGit.Patch\FileHeader.cs:line 730
at NGit.Patch.FileHeader.ParseGitHeaders(Int32 ptr, Int32 end) in C:\Users\dprothero\Documents\GitHub\ngit\NGit\NGit.Patch\FileHeader.cs:line 584
at NGit.Patch.Patch.ParseDiffGit(Byte[] buf, Int32 start, Int32 end) in C:\Users\dprothero\Documents\GitHub\ngit\NGit\NGit.Patch\Patch.cs:line 260
at NGit.Patch.Patch.ParseFile(Byte[] buf, Int32 c, Int32 end) in C:\Users\dprothero\Documents\GitHub\ngit\NGit\NGit.Patch\Patch.cs:line 202
at NGit.Patch.Patch.Parse(Byte[] buf, Int32 ptr, Int32 end) in C:\Users\dprothero\Documents\GitHub\ngit\NGit\NGit.Patch\Patch.cs:line 180
at NGit.Patch.Patch.Parse(InputStream is) in C:\Users\dprothero\Documents\GitHub\ngit\NGit\NGit.Patch\Patch.cs:line 143
at NGit.Api.ApplyCommand.Call() in C:\Users\dprothero\Documents\GitHub\ngit\NGit\NGit.Api\ApplyCommand.cs:line 113
at NGit.Api.ApplyCommandTest.Init(String name, Boolean preExists, Boolean postExists) in C:\Users\dprothero\Documents\GitHub\ngit\NGit.Test\NGit.Api\ApplyCommandTest.cs:line 80
at NGit.Api.ApplyCommandTest.TestAddA1() in C:\Users\dprothero\Documents\GitHub\ngit\NGit.Test\NGit.Api\ApplyCommandTest.cs:line 88
]]></stack-trace>
                    </failure>
                  </test-case>
                  <test-case name="NGit.Api.ApplyCommandTest.TestAddA2" executed="True" result="Error" success="False" time="0.014" asserts="1">
                    <failure>
                      <message><![CDATA[NGit.Errors.InvalidObjectIdException : Invalid id : de98044]]></message>
                      <stack-trace><![CDATA[at NGit.AbbreviatedObjectId.FromHexString(Byte[] bs, Int32 ptr, Int32 end) in C:\Users\dprothero\Documents\GitHub\ngit\NGit\NGit\AbbreviatedObjectId.cs:line 174
at NGit.AbbreviatedObjectId.FromString(Byte[] buf, Int32 offset, Int32 end) in C:\Users\dprothero\Documents\GitHub\ngit\NGit\NGit\AbbreviatedObjectId.cs:line 119
at NGit.Patch.FileHeader.ParseIndexLine(Int32 ptr, Int32 end) in C:\Users\dprothero\Documents\GitHub\ngit\NGit\NGit.Patch\FileHeader.cs:line 730
at NGit.Patch.FileHeader.ParseGitHeaders(Int32 ptr, Int32 end) in C:\Users\dprothero\Documents\GitHub\ngit\NGit\NGit.Patch\FileHeader.cs:line 584
at NGit.Patch.Patch.ParseDiffGit(Byte[] buf, Int32 start, Int32 end) in C:\Users\dprothero\Documents\GitHub\ngit\NGit\NGit.Patch\Patch.cs:line 260
at NGit.Patch.Patch.ParseFile(Byte[] buf, Int32 c, Int32 end) in C:\Users\dprothero\Documents\GitHub\ngit\NGit\NGit.Patch\Patch.cs:line 202
at NGit.Patch.Patch.Parse(Byte[] buf, Int32 ptr, Int32 end) in C:\Users\dprothero\Documents\GitHub\ngit\NGit\NGit.Patch\Patch.cs:line 180
at NGit.Patch.Patch.Parse(InputStream is) in C:\Users\dprothero\Documents\GitHub\ngit\NGit\NGit.Patch\Patch.cs:line 143
at NGit.Api.ApplyCommand.Call() in C:\Users\dprothero\Documents\GitHub\ngit\NGit\NGit.Api\ApplyCommand.cs:line 113
at NGit.Api.ApplyCommandTest.Init(String name, Boolean preExists, Boolean postExists) in C:\Users\dprothero\Documents\GitHub\ngit\NGit.Test\NGit.Api\ApplyCommandTest.cs:line 80
at NGit.Api.ApplyCommandTest.TestAddA2() in C:\Users\dprothero\Documents\GitHub\ngit\NGit.Test\NGit.Api\ApplyCommandTest.cs:line 99
]]></stack-trace>
                    </failure>
                  </test-case>
                  <test-case name="NGit.Api.ApplyCommandTest.TestDeleteD" executed="True" result="Error" success="False" time="0.033" asserts="1">
                    <failure>
                      <message><![CDATA[NGit.Errors.InvalidObjectIdException : Invalid id : 0000000]]></message>
                      <stack-trace><![CDATA[at NGit.AbbreviatedObjectId.FromHexString(Byte[] bs, Int32 ptr, Int32 end) in C:\Users\dprothero\Documents\GitHub\ngit\NGit\NGit\AbbreviatedObjectId.cs:line 174
at NGit.AbbreviatedObjectId.FromString(Byte[] buf, Int32 offset, Int32 end) in C:\Users\dprothero\Documents\GitHub\ngit\NGit\NGit\AbbreviatedObjectId.cs:line 119
at NGit.Patch.FileHeader.ParseIndexLine(Int32 ptr, Int32 end) in C:\Users\dprothero\Documents\GitHub\ngit\NGit\NGit.Patch\FileHeader.cs:line 730
at NGit.Patch.FileHeader.ParseGitHeaders(Int32 ptr, Int32 end) in C:\Users\dprothero\Documents\GitHub\ngit\NGit\NGit.Patch\FileHeader.cs:line 584
at NGit.Patch.Patch.ParseDiffGit(Byte[] buf, Int32 start, Int32 end) in C:\Users\dprothero\Documents\GitHub\ngit\NGit\NGit.Patch\Patch.cs:line 260
at NGit.Patch.Patch.ParseFile(Byte[] buf, Int32 c, Int32 end) in C:\Users\dprothero\Documents\GitHub\ngit\NGit\NGit.Patch\Patch.cs:line 202
at NGit.Patch.Patch.Parse(Byte[] buf, Int32 ptr, Int32 end) in C:\Users\dprothero\Documents\GitHub\ngit\NGit\NGit.Patch\Patch.cs:line 180
at NGit.Patch.Patch.Parse(InputStream is) in C:\Users\dprothero\Documents\GitHub\ngit\NGit\NGit.Patch\Patch.cs:line 143
at NGit.Api.ApplyCommand.Call() in C:\Users\dprothero\Documents\GitHub\ngit\NGit\NGit.Api\ApplyCommand.cs:line 113
at NGit.Api.ApplyCommandTest.Init(String name, Boolean preExists, Boolean postExists) in C:\Users\dprothero\Documents\GitHub\ngit\NGit.Test\NGit.Api\ApplyCommandTest.cs:line 80
at NGit.Api.ApplyCommandTest.TestDeleteD() in C:\Users\dprothero\Documents\GitHub\ngit\NGit.Test\NGit.Api\ApplyCommandTest.cs:line 110
]]></stack-trace>
                    </failure>
                  </test-case>
                  <test-case name="NGit.Api.ApplyCommandTest.TestModifyE" executed="True" result="Error" success="False" time="0.034" asserts="1">
                    <failure>
                      <message><![CDATA[System.ArgumentException : Illegal characters in path.]]></message>
                      <stack-trace><![CDATA[at System.IO.Path.CheckInvalidPathChars(String path)
at System.IO.Path.Combine(String path1, String path2)
at Sharpen.FilePath..ctor(String other, String child) in C:\Users\dprothero\Documents\GitHub\ngit\Sharpen\Sharpen\FilePath.cs:line 36
at Sharpen.FilePath..ctor(FilePath other, String child) in C:\Users\dprothero\Documents\GitHub\ngit\Sharpen\Sharpen\FilePath.cs:line 23
at NGit.Api.ApplyCommand.GetFile(String path, Boolean create) in C:\Users\dprothero\Documents\GitHub\ngit\NGit\NGit.Api\ApplyCommand.cs:line 191
at NGit.Api.ApplyCommand.Call() in C:\Users\dprothero\Documents\GitHub\ngit\NGit\NGit.Api\ApplyCommand.cs:line 138
at NGit.Api.ApplyCommandTest.Init(String name, Boolean preExists, Boolean postExists) in C:\Users\dprothero\Documents\GitHub\ngit\NGit.Test\NGit.Api\ApplyCommandTest.cs:line 80
at NGit.Api.ApplyCommandTest.Init(String name) in C:\Users\dprothero\Documents\GitHub\ngit\NGit.Test\NGit.Api\ApplyCommandTest.cs:line 61
at NGit.Api.ApplyCommandTest.TestModifyE() in C:\Users\dprothero\Documents\GitHub\ngit\NGit.Test\NGit.Api\ApplyCommandTest.cs:line 133
]]></stack-trace>
                    </failure>
                  </test-case>
                  <test-case name="NGit.Api.ApplyCommandTest.TestModifyX" executed="True" result="Error" success="False" time="0.032" asserts="1">
                    <failure>
                      <message><![CDATA[System.ArgumentException : Illegal characters in path.]]></message>
                      <stack-trace><![CDATA[at System.IO.Path.CheckInvalidPathChars(String path)
at System.IO.Path.Combine(String path1, String path2)
at Sharpen.FilePath..ctor(String other, String child) in C:\Users\dprothero\Documents\GitHub\ngit\Sharpen\Sharpen\FilePath.cs:line 36
at Sharpen.FilePath..ctor(FilePath other, String child) in C:\Users\dprothero\Documents\GitHub\ngit\Sharpen\Sharpen\FilePath.cs:line 23
at NGit.Api.ApplyCommand.GetFile(String path, Boolean create) in C:\Users\dprothero\Documents\GitHub\ngit\NGit\NGit.Api\ApplyCommand.cs:line 191
at NGit.Api.ApplyCommand.Call() in C:\Users\dprothero\Documents\GitHub\ngit\NGit\NGit.Api\ApplyCommand.cs:line 138
at NGit.Api.ApplyCommandTest.Init(String name, Boolean preExists, Boolean postExists) in C:\Users\dprothero\Documents\GitHub\ngit\NGit.Test\NGit.Api\ApplyCommandTest.cs:line 80
at NGit.Api.ApplyCommandTest.Init(String name) in C:\Users\dprothero\Documents\GitHub\ngit\NGit.Test\NGit.Api\ApplyCommandTest.cs:line 61
at NGit.Api.ApplyCommandTest.TestModifyX() in C:\Users\dprothero\Documents\GitHub\ngit\NGit.Test\NGit.Api\ApplyCommandTest.cs:line 144
]]></stack-trace>
                    </failure>
                  </test-case>
                  <test-case name="NGit.Api.ApplyCommandTest.TestModifyY" executed="True" result="Error" success="False" time="0.033" asserts="1">
                    <failure>
                      <message><![CDATA[System.ArgumentException : Illegal characters in path.]]></message>
                      <stack-trace><![CDATA[at System.IO.Path.CheckInvalidPathChars(String path)
at System.IO.Path.Combine(String path1, String path2)
at Sharpen.FilePath..ctor(String other, String child) in C:\Users\dprothero\Documents\GitHub\ngit\Sharpen\Sharpen\FilePath.cs:line 36
at Sharpen.FilePath..ctor(FilePath other, String child) in C:\Users\dprothero\Documents\GitHub\ngit\Sharpen\Sharpen\FilePath.cs:line 23
at NGit.Api.ApplyCommand.GetFile(String path, Boolean create) in C:\Users\dprothero\Documents\GitHub\ngit\NGit\NGit.Api\ApplyCommand.cs:line 191
at NGit.Api.ApplyCommand.Call() in C:\Users\dprothero\Documents\GitHub\ngit\NGit\NGit.Api\ApplyCommand.cs:line 138
at NGit.Api.ApplyCommandTest.Init(String name, Boolean preExists, Boolean postExists) in C:\Users\dprothero\Documents\GitHub\ngit\NGit.Test\NGit.Api\ApplyCommandTest.cs:line 80
at NGit.Api.ApplyCommandTest.Init(String name) in C:\Users\dprothero\Documents\GitHub\ngit\NGit.Test\NGit.Api\ApplyCommandTest.cs:line 61
at NGit.Api.ApplyCommandTest.TestModifyY() in C:\Users\dprothero\Documents\GitHub\ngit\NGit.Test\NGit.Api\ApplyCommandTest.cs:line 155
]]></stack-trace>
                    </failure>
                  </test-case>
                  <test-case name="NGit.Api.ApplyCommandTest.TestModifyZ" executed="True" result="Error" success="False" time="0.033" asserts="1">
                    <failure>
                      <message><![CDATA[System.ArgumentException : Illegal characters in path.]]></message>
                      <stack-trace><![CDATA[at System.IO.Path.CheckInvalidPathChars(String path)
at System.IO.Path.Combine(String path1, String path2)
at Sharpen.FilePath..ctor(String other, String child) in C:\Users\dprothero\Documents\GitHub\ngit\Sharpen\Sharpen\FilePath.cs:line 36
at Sharpen.FilePath..ctor(FilePath other, String child) in C:\Users\dprothero\Documents\GitHub\ngit\Sharpen\Sharpen\FilePath.cs:line 23
at NGit.Api.ApplyCommand.GetFile(String path, Boolean create) in C:\Users\dprothero\Documents\GitHub\ngit\NGit\NGit.Api\ApplyCommand.cs:line 191
at NGit.Api.ApplyCommand.Call() in C:\Users\dprothero\Documents\GitHub\ngit\NGit\NGit.Api\ApplyCommand.cs:line 138
at NGit.Api.ApplyCommandTest.Init(String name, Boolean preExists, Boolean postExists) in C:\Users\dprothero\Documents\GitHub\ngit\NGit.Test\NGit.Api\ApplyCommandTest.cs:line 80
at NGit.Api.ApplyCommandTest.Init(String name) in C:\Users\dprothero\Documents\GitHub\ngit\NGit.Test\NGit.Api\ApplyCommandTest.cs:line 61
at NGit.Api.ApplyCommandTest.TestModifyZ() in C:\Users\dprothero\Documents\GitHub\ngit\NGit.Test\NGit.Api\ApplyCommandTest.cs:line 166
]]></stack-trace>
                    </failure>
                  </test-case>
                </results>
              </test-suite>
              <test-suite type="Namespace" name="Blame" executed="True" result="Success" success="True" time="0.207" asserts="0">
                <results>
                  <test-suite type="TestFixture" name="BlameGeneratorTest" executed="True" result="Success" success="True" time="0.207" asserts="0">
                    <results>
                      <test-case name="NGit.Api.Blame.BlameGeneratorTest.TestBoundLineDelete" executed="True" result="Success" success="True" time="0.052" asserts="19" />
                      <test-case name="NGit.Api.Blame.BlameGeneratorTest.TestLinesAllDeletedShortenedWalk" executed="True" result="Success" success="True" time="0.066" asserts="7" />
                      <test-case name="NGit.Api.Blame.BlameGeneratorTest.TestRenamedBoundLineDelete" executed="True" result="Success" success="True" time="0.084" asserts="26" />
                    </results>
                  </test-suite>
                </results>
              </test-suite>
              <test-suite type="TestFixture" name="BlameCommandTest" executed="True" result="Success" success="True" time="0.692" asserts="0">
                <results>
                  <test-case name="NGit.Api.BlameCommandTest.TestDeleteMiddleLines" executed="True" result="Success" success="True" time="0.068" asserts="8" />
                  <test-case name="NGit.Api.BlameCommandTest.TestDeleteTrailingLines" executed="True" result="Success" success="True" time="0.066" asserts="6" />
                  <test-case name="NGit.Api.BlameCommandTest.TestEditAllLines" executed="True" result="Success" success="True" time="0.052" asserts="4" />
                  <test-case name="NGit.Api.BlameCommandTest.TestMiddleClearAllLines" executed="True" result="Success" success="True" time="0.067" asserts="5" />
                  <test-case name="NGit.Api.BlameCommandTest.TestMoveToOtherDir" executed="True" result="Success" success="True" time="0.090" asserts="10" />
                  <test-case name="NGit.Api.BlameCommandTest.TestRename" executed="True" result="Success" success="True" time="0.074" asserts="10" />
                  <test-case name="NGit.Api.BlameCommandTest.TestRenameInSubDir" executed="True" result="Success" success="True" time="0.082" asserts="10" />
                  <test-case name="NGit.Api.BlameCommandTest.TestSingleRevision" executed="True" result="Success" success="True" time="0.032" asserts="9" />
                  <test-case name="NGit.Api.BlameCommandTest.TestTwoRenames" executed="True" result="Success" success="True" time="0.093" asserts="7" />
                  <test-case name="NGit.Api.BlameCommandTest.TestTwoRevisions" executed="True" result="Success" success="True" time="0.052" asserts="8" />
                </results>
              </test-suite>
              <test-suite type="TestFixture" name="BranchCommandTest" executed="True" result="Success" success="True" time="1.630" asserts="0">
                <results>
                  <test-case name="NGit.Api.BranchCommandTest.TestCreateAndList" executed="True" result="Success" success="True" time="0.093" asserts="10" />
                  <test-case name="NGit.Api.BranchCommandTest.TestCreateForce" executed="True" result="Success" success="True" time="0.098" asserts="5" />
                  <test-case name="NGit.Api.BranchCommandTest.TestCreateFromAnnotatetdTag" executed="True" result="Success" success="True" time="0.079" asserts="3" />
                  <test-case name="NGit.Api.BranchCommandTest.TestCreateFromCommit" executed="True" result="Success" success="True" time="0.082" asserts="4" />
                  <test-case name="NGit.Api.BranchCommandTest.TestCreateFromLightweightTag" executed="True" result="Success" success="True" time="0.075" asserts="2" />
                  <test-case name="NGit.Api.BranchCommandTest.TestCreationImplicitStart" executed="True" result="Success" success="True" time="0.072" asserts="1" />
                  <test-case name="NGit.Api.BranchCommandTest.TestDelete" executed="True" result="Success" success="True" time="0.118" asserts="5" />
                  <test-case name="NGit.Api.BranchCommandTest.TestListAllBranchesShouldNotDie" executed="True" result="Success" success="True" time="0.154" asserts="4" />
                  <test-case name="NGit.Api.BranchCommandTest.TestPullConfigLocalBranch" executed="True" result="Success" success="True" time="0.179" asserts="7" />
                  <test-case name="NGit.Api.BranchCommandTest.TestPullConfigRemoteBranch" executed="True" result="Success" success="True" time="0.195" asserts="10" />
                  <test-case name="NGit.Api.BranchCommandTest.TestPullConfigRenameLocalBranch" executed="True" result="Success" success="True" time="0.197" asserts="9" />
                  <test-case name="NGit.Api.BranchCommandTest.TestRenameLocalBranch" executed="True" result="Success" success="True" time="0.104" asserts="3" />
                  <test-case name="NGit.Api.BranchCommandTest.TestRenameRemoteTrackingBranch" executed="True" result="Success" success="True" time="0.165" asserts="5" />
                </results>
              </test-suite>
              <test-suite type="TestFixture" name="CheckoutCommandTest" executed="True" result="Success" success="True" time="0.877" asserts="0">
                <results>
                  <test-case name="NGit.Api.CheckoutCommandTest.TestCheckout" executed="True" result="Success" success="True" time="0.080" asserts="5" />
                  <test-case name="NGit.Api.CheckoutCommandTest.TestCheckoutCommit" executed="True" result="Success" success="True" time="0.070" asserts="4" />
                  <test-case name="NGit.Api.CheckoutCommandTest.TestCheckoutRemoteTrackingWithoutLocalBranch" executed="True" result="Success" success="True" time="0.183" asserts="3" />
                  <test-case name="NGit.Api.CheckoutCommandTest.TestCheckoutToNonExistingBranch" executed="True" result="Success" success="True" time="0.062" asserts="1" />
                  <test-case name="NGit.Api.CheckoutCommandTest.TestCheckoutWithConflict" executed="True" result="Success" success="True" time="0.064" asserts="4" />
                  <test-case name="NGit.Api.CheckoutCommandTest.TestCheckoutWithNonDeletedFiles" executed="True" result="Success" success="True" time="0.097" asserts="8" />
                  <test-case name="NGit.Api.CheckoutCommandTest.TestCreateBranchOnCheckout" executed="True" result="Success" success="True" time="0.076" asserts="2" />
                  <test-case name="NGit.Api.CheckoutCommandTest.TestDetachedHeadOnCheckout" executed="True" result="Success" success="True" time="0.080" asserts="3" />
                  <test-case name="NGit.Api.CheckoutCommandTest.TestSimpleCheckout" executed="True" result="Success" success="True" time="0.067" asserts="1" />
                  <test-case name="NGit.Api.CheckoutCommandTest.TestUpdateSmudgedEntries" executed="True" result="Success" success="True" time="0.083" asserts="11" />
                </results>
              </test-suite>
              <test-suite type="TestFixture" name="CherryPickCommandTest" executed="True" result="Success" success="True" time="0.733" asserts="0">
                <results>
                  <test-case name="NGit.Api.CherryPickCommandTest.TestCherryPick" executed="True" result="Success" success="True" time="0.164" asserts="7" />
                  <test-case name="NGit.Api.CherryPickCommandTest.TestCherryPickConflictReset" executed="True" result="Success" success="True" time="0.128" asserts="6" />
                  <test-case name="NGit.Api.CherryPickCommandTest.TestCherryPickConflictResolution" executed="True" result="Success" success="True" time="0.114" asserts="9" />
                  <test-case name="NGit.Api.CherryPickCommandTest.TestCherryPickDirtyIndex" executed="True" result="Success" success="True" time="0.101" asserts="7" />
                  <test-case name="NGit.Api.CherryPickCommandTest.TestCherryPickDirtyWorktree" executed="True" result="Success" success="True" time="0.093" asserts="7" />
                  <test-case name="NGit.Api.CherryPickCommandTest.TestCherryPickOverExecutableChangeOnNonExectuableFileSystem" executed="True" result="Success" success="True" time="0.125" asserts="11" />
                </results>
              </test-suite>
              <test-suite type="TestFixture" name="CleanCommandTest" executed="True" result="Success" success="True" time="0.116" asserts="0">
                <results>
                  <test-case name="NGit.Api.CleanCommandTest.TestClean" executed="True" result="Success" success="True" time="0.038" asserts="5" />
                  <test-case name="NGit.Api.CleanCommandTest.TestCleanWithDryRun" executed="True" result="Success" success="True" time="0.038" asserts="5" />
                  <test-case name="NGit.Api.CleanCommandTest.TestCleanWithPaths" executed="True" result="Success" success="True" time="0.037" asserts="5" />
                </results>
              </test-suite>
              <test-suite type="TestFixture" name="CloneCommandTest" executed="True" result="Success" success="True" time="2.325" asserts="0">
                <results>
                  <test-case name="NGit.Api.CloneCommandTest.TestCloneRepository" executed="True" result="Success" success="True" time="0.165" asserts="7" />
                  <test-case name="NGit.Api.CloneCommandTest.TestCloneRepositoryOnlyOneBranch" executed="True" result="Success" success="True" time="0.183" asserts="7" />
                  <test-case name="NGit.Api.CloneCommandTest.TestCloneRepositoryWhenDestinationDirectoryExistsAndIsNotEmpty" executed="True" result="Success" success="True" time="0.143" asserts="4" />
                  <test-case name="NGit.Api.CloneCommandTest.TestCloneRepositoryWithBranch" executed="True" result="Success" success="True" time="0.258" asserts="10" />
                  <test-case name="NGit.Api.CloneCommandTest.TestCloneRepositoryWithMultipleHeadBranches" executed="True" result="Success" success="True" time="0.163" asserts="3" />
                  <test-case name="NGit.Api.CloneCommandTest.TestCloneRepositoryWithNestedSubmodules" executed="True" result="Success" success="True" time="0.641" asserts="26" />
                  <test-case name="NGit.Api.CloneCommandTest.TestCloneRepositoryWithSubmodules" executed="True" result="Success" success="True" time="0.386" asserts="9" />
                  <test-case name="NGit.Api.CloneCommandTest.TestCloneWithAutoSetupRebase" executed="True" result="Success" success="True" time="0.375" asserts="4" />
                </results>
              </test-suite>
              <test-suite type="TestFixture" name="CommitAndLogCommandTests" executed="True" result="Failure" success="False" time="0.492" asserts="0">
                <results>
                  <test-case name="NGit.Api.CommitAndLogCommandTests.TestAddUnstagedChanges" executed="True" result="Success" success="True" time="0.063" asserts="4" />
                  <test-case name="NGit.Api.CommitAndLogCommandTests.TestCommitAmend" executed="True" result="Success" success="True" time="0.038" asserts="5" />
                  <test-case name="NGit.Api.CommitAndLogCommandTests.TestCommitRange" executed="True" result="Success" success="True" time="0.056" asserts="8" />
                  <test-case name="NGit.Api.CommitAndLogCommandTests.TestInsertChangeId" executed="True" result="Success" success="True" time="0.047" asserts="6" />
                  <test-case name="NGit.Api.CommitAndLogCommandTests.TestLogWithFilter" executed="True" result="Success" success="True" time="0.052" asserts="8" />
                  <test-case name="NGit.Api.CommitAndLogCommandTests.TestMergeEmptyBranches" executed="True" result="Success" success="True" time="0.070" asserts="5" />
                  <test-case name="NGit.Api.CommitAndLogCommandTests.TestModeChange" executed="True" result="Error" success="False" time="0.049" asserts="1">
                    <failure>
                      <message><![CDATA[NGit.Api.Errors.JGitInternalException : No changes]]></message>
                      <stack-trace><![CDATA[at NGit.Api.CommitCommand.CreateTemporaryIndex(ObjectId headId, DirCache index) in C:\Users\dprothero\Documents\GitHub\ngit\NGit\NGit.Api\CommitCommand.cs:line 452
at NGit.Api.CommitCommand.Call() in C:\Users\dprothero\Documents\GitHub\ngit\NGit\NGit.Api\CommitCommand.cs:line 186
at NGit.Api.CommitAndLogCommandTests.TestModeChange() in C:\Users\dprothero\Documents\GitHub\ngit\NGit.Test\NGit.Api\CommitAndLogCommandTests.cs:line 281
]]></stack-trace>
                    </failure>
                  </test-case>
                  <test-case name="NGit.Api.CommitAndLogCommandTests.TestMultipleInvocations" executed="True" result="Success" success="True" time="0.027" asserts="1" />
                  <test-case name="NGit.Api.CommitAndLogCommandTests.TestSomeCommits" executed="True" result="Success" success="True" time="0.057" asserts="16" />
                  <test-case name="NGit.Api.CommitAndLogCommandTests.TestWrongParams" executed="True" result="Success" success="True" time="0.014" asserts="1" />
                </results>
              </test-suite>
              <test-suite type="TestFixture" name="CommitCommandTest" executed="True" result="Success" success="True" time="0.567" asserts="0">
                <results>
                  <test-case name="NGit.Api.CommitCommandTest.CommitAfterSquashMerge" executed="True" result="Success" success="True" time="0.092" asserts="10" />
                  <test-case name="NGit.Api.CommitCommandTest.CommitIgnoresSmudgedEntryWithDifferentId" executed="True" result="Success" success="True" time="0.063" asserts="15" />
                  <test-case name="NGit.Api.CommitCommandTest.CommitNewSubmodule" executed="True" result="Success" success="True" time="0.114" asserts="17" />
                  <test-case name="NGit.Api.CommitCommandTest.CommitSubmoduleUpdate" executed="True" result="Success" success="True" time="0.171" asserts="20" />
                  <test-case name="NGit.Api.CommitCommandTest.CommitUpdatesSmudgedEntries" executed="True" result="Success" success="True" time="0.063" asserts="20" />
                  <test-case name="NGit.Api.CommitCommandTest.TestExecutableRetention" executed="True" result="Success" success="True" time="0.057" asserts="5" />
                </results>
              </test-suite>
              <test-suite type="TestFixture" name="CommitOnlyTest" executed="True" result="Success" success="True" time="6.669" asserts="0">
                <results>
                  <test-case name="NGit.Api.CommitOnlyTest.TestOnlyOption_f1_1_a" executed="True" result="Success" success="True" time="0.017" asserts="5" />
                  <test-case name="NGit.Api.CommitOnlyTest.TestOnlyOption_f1_1_b" executed="True" result="Success" success="True" time="0.023" asserts="5" />
                  <test-case name="NGit.Api.CommitOnlyTest.TestOnlyOption_f1_1_c" executed="True" result="Success" success="True" time="0.036" asserts="5" />
                  <test-case name="NGit.Api.CommitOnlyTest.TestOnlyOption_f1_1_d" executed="True" result="Success" success="True" time="0.037" asserts="5" />
                  <test-case name="NGit.Api.CommitOnlyTest.TestOnlyOption_f1_1_e" executed="True" result="Success" success="True" time="0.044" asserts="5" />
                  <test-case name="NGit.Api.CommitOnlyTest.TestOnlyOption_f1_1_f2_14_a" executed="True" result="Success" success="True" time="0.044" asserts="6" />
                  <test-case name="NGit.Api.CommitOnlyTest.TestOnlyOption_f1_1_f2_14_b" executed="True" result="Success" success="True" time="0.048" asserts="6" />
                  <test-case name="NGit.Api.CommitOnlyTest.TestOnlyOption_f1_1_f2_14_c" executed="True" result="Success" success="True" time="0.063" asserts="6" />
                  <test-case name="NGit.Api.CommitOnlyTest.TestOnlyOption_f1_1_f2_14_d" executed="True" result="Success" success="True" time="0.062" asserts="6" />
                  <test-case name="NGit.Api.CommitOnlyTest.TestOnlyOption_f1_1_f2_14_e" executed="True" result="Success" success="True" time="0.070" asserts="6" />
                  <test-case name="NGit.Api.CommitOnlyTest.TestOnlyOption_f1_10_a" executed="True" result="Success" success="True" time="0.058" asserts="4" />
                  <test-case name="NGit.Api.CommitOnlyTest.TestOnlyOption_f1_10_b" executed="True" result="Success" success="True" time="0.065" asserts="4" />
                  <test-case name="NGit.Api.CommitOnlyTest.TestOnlyOption_f1_10_c" executed="True" result="Success" success="True" time="0.090" asserts="4" />
                  <test-case name="NGit.Api.CommitOnlyTest.TestOnlyOption_f1_10_d" executed="True" result="Success" success="True" time="0.076" asserts="4" />
                  <test-case name="NGit.Api.CommitOnlyTest.TestOnlyOption_f1_10_e" executed="True" result="Success" success="True" time="0.080" asserts="4" />
                  <test-case name="NGit.Api.CommitOnlyTest.TestOnlyOption_f1_11_a" executed="True" result="Success" success="True" time="0.057" asserts="4" />
                  <test-case name="NGit.Api.CommitOnlyTest.TestOnlyOption_f1_11_b" executed="True" result="Success" success="True" time="0.059" asserts="4" />
                  <test-case name="NGit.Api.CommitOnlyTest.TestOnlyOption_f1_11_c" executed="True" result="Success" success="True" time="0.078" asserts="4" />
                  <test-case name="NGit.Api.CommitOnlyTest.TestOnlyOption_f1_11_d" executed="True" result="Success" success="True" time="0.073" asserts="4" />
                  <test-case name="NGit.Api.CommitOnlyTest.TestOnlyOption_f1_11_e" executed="True" result="Success" success="True" time="0.079" asserts="4" />
                  <test-case name="NGit.Api.CommitOnlyTest.TestOnlyOption_f1_12_a" executed="True" result="Success" success="True" time="0.043" asserts="5" />
                  <test-case name="NGit.Api.CommitOnlyTest.TestOnlyOption_f1_12_b" executed="True" result="Success" success="True" time="0.049" asserts="5" />
                  <test-case name="NGit.Api.CommitOnlyTest.TestOnlyOption_f1_12_c" executed="True" result="Success" success="True" time="0.064" asserts="5" />
                  <test-case name="NGit.Api.CommitOnlyTest.TestOnlyOption_f1_12_d" executed="True" result="Success" success="True" time="0.063" asserts="5" />
                  <test-case name="NGit.Api.CommitOnlyTest.TestOnlyOption_f1_12_e" executed="True" result="Success" success="True" time="0.069" asserts="5" />
                  <test-case name="NGit.Api.CommitOnlyTest.TestOnlyOption_f1_12_f2_14_a" executed="True" result="Success" success="True" time="0.086" asserts="5" />
                  <test-case name="NGit.Api.CommitOnlyTest.TestOnlyOption_f1_12_f2_14_b" executed="True" result="Success" success="True" time="0.092" asserts="5" />
                  <test-case name="NGit.Api.CommitOnlyTest.TestOnlyOption_f1_12_f2_14_c" executed="True" result="Success" success="True" time="0.110" asserts="5" />
                  <test-case name="NGit.Api.CommitOnlyTest.TestOnlyOption_f1_12_f2_14_d" executed="True" result="Success" success="True" time="0.107" asserts="5" />
                  <test-case name="NGit.Api.CommitOnlyTest.TestOnlyOption_f1_12_f2_14_e" executed="True" result="Success" success="True" time="0.118" asserts="5" />
                  <test-case name="NGit.Api.CommitOnlyTest.TestOnlyOption_f1_13_a" executed="True" result="Success" success="True" time="0.055" asserts="4" />
                  <test-case name="NGit.Api.CommitOnlyTest.TestOnlyOption_f1_13_b" executed="True" result="Success" success="True" time="0.061" asserts="4" />
                  <test-case name="NGit.Api.CommitOnlyTest.TestOnlyOption_f1_13_c" executed="True" result="Success" success="True" time="0.076" asserts="4" />
                  <test-case name="NGit.Api.CommitOnlyTest.TestOnlyOption_f1_13_d" executed="True" result="Success" success="True" time="0.079" asserts="4" />
                  <test-case name="NGit.Api.CommitOnlyTest.TestOnlyOption_f1_13_e" executed="True" result="Success" success="True" time="0.084" asserts="4" />
                  <test-case name="NGit.Api.CommitOnlyTest.TestOnlyOption_f1_14_a" executed="True" result="Success" success="True" time="0.059" asserts="4" />
                  <test-case name="NGit.Api.CommitOnlyTest.TestOnlyOption_f1_14_b" executed="True" result="Success" success="True" time="0.064" asserts="4" />
                  <test-case name="NGit.Api.CommitOnlyTest.TestOnlyOption_f1_14_c" executed="True" result="Success" success="True" time="0.078" asserts="4" />
                  <test-case name="NGit.Api.CommitOnlyTest.TestOnlyOption_f1_14_d" executed="True" result="Success" success="True" time="0.079" asserts="4" />
                  <test-case name="NGit.Api.CommitOnlyTest.TestOnlyOption_f1_14_e" executed="True" result="Success" success="True" time="0.088" asserts="4" />
                  <test-case name="NGit.Api.CommitOnlyTest.TestOnlyOption_f1_2_a" executed="True" result="Success" success="True" time="0.024" asserts="5" />
                  <test-case name="NGit.Api.CommitOnlyTest.TestOnlyOption_f1_2_b" executed="True" result="Success" success="True" time="0.028" asserts="5" />
                  <test-case name="NGit.Api.CommitOnlyTest.TestOnlyOption_f1_2_c" executed="True" result="Success" success="True" time="0.042" asserts="5" />
                  <test-case name="NGit.Api.CommitOnlyTest.TestOnlyOption_f1_2_d" executed="True" result="Success" success="True" time="0.045" asserts="5" />
                  <test-case name="NGit.Api.CommitOnlyTest.TestOnlyOption_f1_2_e" executed="True" result="Success" success="True" time="0.050" asserts="5" />
                  <test-case name="NGit.Api.CommitOnlyTest.TestOnlyOption_f1_2_f2_14_a" executed="True" result="Success" success="True" time="0.066" asserts="5" />
                  <test-case name="NGit.Api.CommitOnlyTest.TestOnlyOption_f1_2_f2_14_b" executed="True" result="Success" success="True" time="0.071" asserts="5" />
                  <test-case name="NGit.Api.CommitOnlyTest.TestOnlyOption_f1_2_f2_14_c" executed="True" result="Success" success="True" time="0.084" asserts="5" />
                  <test-case name="NGit.Api.CommitOnlyTest.TestOnlyOption_f1_2_f2_14_d" executed="True" result="Success" success="True" time="0.090" asserts="5" />
                  <test-case name="NGit.Api.CommitOnlyTest.TestOnlyOption_f1_2_f2_14_e" executed="True" result="Success" success="True" time="0.090" asserts="5" />
                  <test-case name="NGit.Api.CommitOnlyTest.TestOnlyOption_f1_3_a" executed="True" result="Success" success="True" time="0.052" asserts="4" />
                  <test-case name="NGit.Api.CommitOnlyTest.TestOnlyOption_f1_3_b" executed="True" result="Success" success="True" time="0.059" asserts="4" />
                  <test-case name="NGit.Api.CommitOnlyTest.TestOnlyOption_f1_3_c" executed="True" result="Success" success="True" time="0.067" asserts="4" />
                  <test-case name="NGit.Api.CommitOnlyTest.TestOnlyOption_f1_3_d" executed="True" result="Success" success="True" time="0.067" asserts="4" />
                  <test-case name="NGit.Api.CommitOnlyTest.TestOnlyOption_f1_3_e" executed="True" result="Success" success="True" time="0.075" asserts="4" />
                  <test-case name="NGit.Api.CommitOnlyTest.TestOnlyOption_f1_4_a" executed="True" result="Success" success="True" time="0.035" asserts="4" />
                  <test-case name="NGit.Api.CommitOnlyTest.TestOnlyOption_f1_4_b" executed="True" result="Success" success="True" time="0.042" asserts="4" />
                  <test-case name="NGit.Api.CommitOnlyTest.TestOnlyOption_f1_4_c" executed="True" result="Success" success="True" time="0.054" asserts="4" />
                  <test-case name="NGit.Api.CommitOnlyTest.TestOnlyOption_f1_4_d" executed="True" result="Success" success="True" time="0.055" asserts="4" />
                  <test-case name="NGit.Api.CommitOnlyTest.TestOnlyOption_f1_4_e" executed="True" result="Success" success="True" time="0.061" asserts="4" />
                  <test-case name="NGit.Api.CommitOnlyTest.TestOnlyOption_f1_5_a" executed="True" result="Success" success="True" time="0.048" asserts="4" />
                  <test-case name="NGit.Api.CommitOnlyTest.TestOnlyOption_f1_5_b" executed="True" result="Success" success="True" time="0.056" asserts="4" />
                  <test-case name="NGit.Api.CommitOnlyTest.TestOnlyOption_f1_5_c" executed="True" result="Success" success="True" time="0.065" asserts="4" />
                  <test-case name="NGit.Api.CommitOnlyTest.TestOnlyOption_f1_5_d" executed="True" result="Success" success="True" time="0.066" asserts="4" />
                  <test-case name="NGit.Api.CommitOnlyTest.TestOnlyOption_f1_5_e" executed="True" result="Success" success="True" time="0.074" asserts="4" />
                  <test-case name="NGit.Api.CommitOnlyTest.TestOnlyOption_f1_6_a" executed="True" result="Success" success="True" time="0.039" asserts="5" />
                  <test-case name="NGit.Api.CommitOnlyTest.TestOnlyOption_f1_6_b" executed="True" result="Success" success="True" time="0.048" asserts="5" />
                  <test-case name="NGit.Api.CommitOnlyTest.TestOnlyOption_f1_6_c" executed="True" result="Success" success="True" time="0.060" asserts="5" />
                  <test-case name="NGit.Api.CommitOnlyTest.TestOnlyOption_f1_6_d" executed="True" result="Success" success="True" time="0.060" asserts="5" />
                  <test-case name="NGit.Api.CommitOnlyTest.TestOnlyOption_f1_6_e" executed="True" result="Success" success="True" time="0.070" asserts="5" />
                  <test-case name="NGit.Api.CommitOnlyTest.TestOnlyOption_f1_6_f2_14_a" executed="True" result="Success" success="True" time="0.080" asserts="5" />
                  <test-case name="NGit.Api.CommitOnlyTest.TestOnlyOption_f1_6_f2_14_b" executed="True" result="Success" success="True" time="0.089" asserts="5" />
                  <test-case name="NGit.Api.CommitOnlyTest.TestOnlyOption_f1_6_f2_14_c" executed="True" result="Success" success="True" time="0.100" asserts="5" />
                  <test-case name="NGit.Api.CommitOnlyTest.TestOnlyOption_f1_6_f2_14_d" executed="True" result="Success" success="True" time="0.103" asserts="5" />
                  <test-case name="NGit.Api.CommitOnlyTest.TestOnlyOption_f1_6_f2_14_e" executed="True" result="Success" success="True" time="0.105" asserts="5" />
                  <test-case name="NGit.Api.CommitOnlyTest.TestOnlyOption_f1_7_a" executed="True" result="Success" success="True" time="0.038" asserts="5" />
                  <test-case name="NGit.Api.CommitOnlyTest.TestOnlyOption_f1_7_b" executed="True" result="Success" success="True" time="0.044" asserts="5" />
                  <test-case name="NGit.Api.CommitOnlyTest.TestOnlyOption_f1_7_c" executed="True" result="Success" success="True" time="0.056" asserts="5" />
                  <test-case name="NGit.Api.CommitOnlyTest.TestOnlyOption_f1_7_d" executed="True" result="Success" success="True" time="0.076" asserts="5" />
                  <test-case name="NGit.Api.CommitOnlyTest.TestOnlyOption_f1_7_e" executed="True" result="Success" success="True" time="0.063" asserts="5" />
                  <test-case name="NGit.Api.CommitOnlyTest.TestOnlyOption_f1_7_f2_14_a" executed="True" result="Success" success="True" time="0.077" asserts="5" />
                  <test-case name="NGit.Api.CommitOnlyTest.TestOnlyOption_f1_7_f2_14_b" executed="True" result="Success" success="True" time="0.086" asserts="5" />
                  <test-case name="NGit.Api.CommitOnlyTest.TestOnlyOption_f1_7_f2_14_c" executed="True" result="Success" success="True" time="0.097" asserts="5" />
                  <test-case name="NGit.Api.CommitOnlyTest.TestOnlyOption_f1_7_f2_14_d" executed="True" result="Success" success="True" time="0.100" asserts="5" />
                  <test-case name="NGit.Api.CommitOnlyTest.TestOnlyOption_f1_7_f2_14_e" executed="True" result="Success" success="True" time="0.106" asserts="5" />
                  <test-case name="NGit.Api.CommitOnlyTest.TestOnlyOption_f1_8_a" executed="True" result="Success" success="True" time="0.037" asserts="4" />
                  <test-case name="NGit.Api.CommitOnlyTest.TestOnlyOption_f1_8_b" executed="True" result="Success" success="True" time="0.044" asserts="4" />
                  <test-case name="NGit.Api.CommitOnlyTest.TestOnlyOption_f1_8_c" executed="True" result="Success" success="True" time="0.062" asserts="4" />
                  <test-case name="NGit.Api.CommitOnlyTest.TestOnlyOption_f1_8_d" executed="True" result="Success" success="True" time="0.060" asserts="4" />
                  <test-case name="NGit.Api.CommitOnlyTest.TestOnlyOption_f1_8_e" executed="True" result="Success" success="True" time="0.068" asserts="4" />
                  <test-case name="NGit.Api.CommitOnlyTest.TestOnlyOption_f1_9_a" executed="True" result="Success" success="True" time="0.055" asserts="4" />
                  <test-case name="NGit.Api.CommitOnlyTest.TestOnlyOption_f1_9_b" executed="True" result="Success" success="True" time="0.073" asserts="4" />
                  <test-case name="NGit.Api.CommitOnlyTest.TestOnlyOption_f1_9_c" executed="True" result="Success" success="True" time="0.074" asserts="4" />
                  <test-case name="NGit.Api.CommitOnlyTest.TestOnlyOption_f1_9_d" executed="True" result="Success" success="True" time="0.074" asserts="4" />
                  <test-case name="NGit.Api.CommitOnlyTest.TestOnlyOption_f1_9_e" executed="True" result="Success" success="True" time="0.089" asserts="4" />
                  <test-case name="NGit.Api.CommitOnlyTest.TestOnlyOptionWithDirectory" executed="True" result="Success" success="True" time="0.123" asserts="14" />
                </results>
              </test-suite>
              <test-suite type="TestFixture" name="DiffCommandTest" executed="True" result="Success" success="True" time="0.273" asserts="0">
                <results>
                  <test-case name="NGit.Api.DiffCommandTest.TestDiffCached" executed="True" result="Success" success="True" time="0.044" asserts="6" />
                  <test-case name="NGit.Api.DiffCommandTest.TestDiffModified" executed="True" result="Success" success="True" time="0.043" asserts="6" />
                  <test-case name="NGit.Api.DiffCommandTest.TestDiffTwoCommits" executed="True" result="Success" success="True" time="0.088" asserts="7" />
                  <test-case name="NGit.Api.DiffCommandTest.TestDiffWithNegativeLineCount" executed="True" result="Success" success="True" time="0.035" asserts="2" />
                  <test-case name="NGit.Api.DiffCommandTest.TestDiffWithPrefixes" executed="True" result="Success" success="True" time="0.035" asserts="2" />
                  <test-case name="NGit.Api.DiffCommandTest.TestNoOutputStreamSet" executed="True" result="Success" success="True" time="0.020" asserts="7" />
                </results>
              </test-suite>
              <test-suite type="TestFixture" name="FetchCommandTest" executed="True" result="Success" success="True" time="0.074" asserts="0">
                <results>
                  <test-case name="NGit.Api.FetchCommandTest.TestFetch" executed="True" result="Success" success="True" time="0.074" asserts="4" />
                </results>
              </test-suite>
              <test-suite type="TestFixture" name="GitConstructionTest" executed="True" result="Success" success="True" time="0.175" asserts="0">
                <results>
                  <test-case name="NGit.Api.GitConstructionTest.TestOpen" executed="True" result="Success" success="True" time="0.089" asserts="4" />
                  <test-case name="NGit.Api.GitConstructionTest.TestWrap" executed="True" result="Success" success="True" time="0.084" asserts="3" />
                </results>
              </test-suite>
              <test-suite type="TestFixture" name="HugeFileTest" executed="True" result="Inconclusive" success="False" time="0.001" asserts="0">
                <results>
                  <test-case name="NGit.Api.HugeFileTest.TestAddHugeFile" executed="False" result="Ignored">
                    <reason>
                      <message><![CDATA[This test takes FOREVER to run. Can they not fake the filestream?]]></message>
                    </reason>
                  </test-case>
                </results>
              </test-suite>
              <test-suite type="TestFixture" name="InitCommandTest" executed="True" result="Success" success="True" time="0.079" asserts="0">
                <results>
                  <test-case name="NGit.Api.InitCommandTest.TestInitBareRepository" executed="True" result="Success" success="True" time="0.024" asserts="3" />
                  <test-case name="NGit.Api.InitCommandTest.TestInitNonEmptyRepository" executed="True" result="Success" success="True" time="0.026" asserts="4" />
                  <test-case name="NGit.Api.InitCommandTest.TestInitRepository" executed="True" result="Success" success="True" time="0.026" asserts="2" />
                </results>
              </test-suite>
              <test-suite type="TestFixture" name="LogCommandTest" executed="True" result="Success" success="True" time="0.463" asserts="0">
                <results>
                  <test-case name="NGit.Api.LogCommandTest.LogAllCommits" executed="True" result="Success" success="True" time="0.098" asserts="10" />
                  <test-case name="NGit.Api.LogCommandTest.LogAllCommitsWithMaxCount" executed="True" result="Success" success="True" time="0.074" asserts="8" />
                  <test-case name="NGit.Api.LogCommandTest.LogAllCommitsWithSkip" executed="True" result="Success" success="True" time="0.070" asserts="8" />
                  <test-case name="NGit.Api.LogCommandTest.LogAllCommitsWithSkipAndMaxCount" executed="True" result="Success" success="True" time="0.071" asserts="5" />
                  <test-case name="NGit.Api.LogCommandTest.LogPathWithMaxCount" executed="True" result="Success" success="True" time="0.071" asserts="5" />
                  <test-case name="NGit.Api.LogCommandTest.LogPathWithSkip" executed="True" result="Success" success="True" time="0.073" asserts="5" />
                </results>
              </test-suite>
              <test-suite type="TestFixture" name="LsRemoteCommandTest" executed="True" result="Success" success="True" time="0.481" asserts="0">
                <results>
                  <test-case name="NGit.Api.LsRemoteCommandTest.TestLsRemote" executed="True" result="Success" success="True" time="0.165" asserts="3" />
                  <test-case name="NGit.Api.LsRemoteCommandTest.TestLsRemoteWithHeads" executed="True" result="Success" success="True" time="0.152" asserts="3" />
                  <test-case name="NGit.Api.LsRemoteCommandTest.TestLsRemoteWithTags" executed="True" result="Success" success="True" time="0.160" asserts="3" />
                </results>
              </test-suite>
              <test-suite type="TestFixture" name="MergeCommandTest" executed="True" result="Success" success="True" time="3.316" asserts="0">
                <results>
                  <test-case name="NGit.Api.MergeCommandTest.TestAlreadyUpToDate" executed="True" result="Success" success="True" time="0.044" asserts="5" />
                  <test-case name="NGit.Api.MergeCommandTest.TestConflictingMergeFailsDueToDirtyIndex" executed="True" result="Success" success="True" time="0.128" asserts="9" />
                  <test-case name="NGit.Api.MergeCommandTest.TestConflictingMergeFailsDueToDirtyWorktree" executed="True" result="Success" success="True" time="0.109" asserts="9" />
                  <test-case name="NGit.Api.MergeCommandTest.TestContentMerge" executed="True" result="Success" success="True" time="0.139" asserts="10" />
                  <test-case name="NGit.Api.MergeCommandTest.TestDeletionAndConflict" executed="True" result="Success" success="True" time="0.137" asserts="9" />
                  <test-case name="NGit.Api.MergeCommandTest.TestDeletionOnMasterConflict" executed="True" result="Success" success="True" time="0.101" asserts="5" />
                  <test-case name="NGit.Api.MergeCommandTest.TestDeletionOnSideConflict" executed="True" result="Success" success="True" time="0.098" asserts="7" />
                  <test-case name="NGit.Api.MergeCommandTest.TestFastForward" executed="True" result="Success" success="True" time="0.058" asserts="5" />
                  <test-case name="NGit.Api.MergeCommandTest.TestFastForwardWithFiles" executed="True" result="Success" success="True" time="0.079" asserts="10" />
                  <test-case name="NGit.Api.MergeCommandTest.TestFileModeMerge" executed="True" result="Success" success="True" time="0.012" asserts="1" />
                  <test-case name="NGit.Api.MergeCommandTest.TestFileModeMergeWithDirtyWorkTree" executed="True" result="Success" success="True" time="0.013" asserts="1" />
                  <test-case name="NGit.Api.MergeCommandTest.TestMergeConflictFileFolder" executed="True" result="Success" success="True" time="0.127" asserts="8" />
                  <test-case name="NGit.Api.MergeCommandTest.TestMergeFailingWithDirtyWorkingTree" executed="True" result="Success" success="True" time="0.119" asserts="8" />
                  <test-case name="NGit.Api.MergeCommandTest.TestMergeInItself" executed="True" result="Success" success="True" time="0.027" asserts="4" />
                  <test-case name="NGit.Api.MergeCommandTest.TestMergeMessage" executed="True" result="Success" success="True" time="0.101" asserts="2" />
                  <test-case name="NGit.Api.MergeCommandTest.TestMergeNonVersionedPaths" executed="True" result="Success" success="True" time="0.130" asserts="13" />
                  <test-case name="NGit.Api.MergeCommandTest.TestMergeRemovingFolders" executed="True" result="Success" success="True" time="0.092" asserts="5" />
                  <test-case name="NGit.Api.MergeCommandTest.TestMergeRemovingFoldersWithoutFastForward" executed="True" result="Success" success="True" time="0.128" asserts="3" />
                  <test-case name="NGit.Api.MergeCommandTest.TestModifiedAndRenamed" executed="True" result="Success" success="True" time="0.128" asserts="5" />
                  <test-case name="NGit.Api.MergeCommandTest.TestMultipleCreations" executed="True" result="Success" success="True" time="0.103" asserts="2" />
                  <test-case name="NGit.Api.MergeCommandTest.TestMultipleCreationsSameContent" executed="True" result="Success" success="True" time="0.112" asserts="5" />
                  <test-case name="NGit.Api.MergeCommandTest.TestMultipleDeletions" executed="True" result="Success" success="True" time="0.102" asserts="6" />
                  <test-case name="NGit.Api.MergeCommandTest.TestMultipleHeads" executed="True" result="Success" success="True" time="0.085" asserts="3" />
                  <test-case name="NGit.Api.MergeCommandTest.TestSingleDeletion" executed="True" result="Success" success="True" time="0.202" asserts="15" />
                  <test-case name="NGit.Api.MergeCommandTest.TestSquashFastForward" executed="True" result="Success" success="True" time="0.101" asserts="16" />
                  <test-case name="NGit.Api.MergeCommandTest.TestSquashMerge" executed="True" result="Success" success="True" time="0.112" asserts="16" />
                  <test-case name="NGit.Api.MergeCommandTest.TestSquashMergeConflict" executed="True" result="Success" success="True" time="0.150" asserts="14" />
                  <test-case name="NGit.Api.MergeCommandTest.TestSuccessfulContentMerge" executed="True" result="Success" success="True" time="0.156" asserts="17" />
                  <test-case name="NGit.Api.MergeCommandTest.TestSuccessfulContentMergeAndDirtyworkingTree" executed="True" result="Success" success="True" time="0.163" asserts="18" />
                  <test-case name="NGit.Api.MergeCommandTest.TestSuccessfulMergeFailsDueToDirtyIndex" executed="True" result="Success" success="True" time="0.107" asserts="9" />
                  <test-case name="NGit.Api.MergeCommandTest.TestSuccessfulMergeFailsDueToDirtyWorktree" executed="True" result="Success" success="True" time="0.101" asserts="9" />
                </results>
              </test-suite>
              <test-suite type="TestFixture" name="NotesCommandTest" executed="True" result="Success" success="True" time="0.147" asserts="0">
                <results>
                  <test-case name="NGit.Api.NotesCommandTest.TestAddAndRemoveNote" executed="True" result="Success" success="True" time="0.088" asserts="3" />
                  <test-case name="NGit.Api.NotesCommandTest.TestListNotes" executed="True" result="Success" success="True" time="0.058" asserts="2" />
                </results>
              </test-suite>
              <test-suite type="TestFixture" name="PathCheckoutCommandTest" executed="True" result="Success" success="True" time="0.852" asserts="0">
                <results>
                  <test-case name="NGit.Api.PathCheckoutCommandTest.TestCheckoutFirst" executed="True" result="Success" success="True" time="0.096" asserts="3" />
                  <test-case name="NGit.Api.PathCheckoutCommandTest.TestCheckoutMultiple" executed="True" result="Success" success="True" time="0.090" asserts="3" />
                  <test-case name="NGit.Api.PathCheckoutCommandTest.TestCheckoutRepository" executed="True" result="Success" success="True" time="0.092" asserts="3" />
                  <test-case name="NGit.Api.PathCheckoutCommandTest.TestCheckoutSecond" executed="True" result="Success" success="True" time="0.091" asserts="3" />
                  <test-case name="NGit.Api.PathCheckoutCommandTest.TestUpdateWorkingDirectory" executed="True" result="Success" success="True" time="0.089" asserts="4" />
                  <test-case name="NGit.Api.PathCheckoutCommandTest.TestUpdateWorkingDirectoryFromHeadWithIndexChange" executed="True" result="Success" success="True" time="0.098" asserts="4" />
                  <test-case name="NGit.Api.PathCheckoutCommandTest.TestUpdateWorkingDirectoryFromIndex" executed="True" result="Success" success="True" time="0.094" asserts="4" />
                  <test-case name="NGit.Api.PathCheckoutCommandTest.TestUpdateWorkingDirectoryFromIndex2" executed="True" result="Success" success="True" time="0.114" asserts="5" />
                </results>
              </test-suite>
              <test-suite type="TestFixture" name="PullCommandTest" executed="True" result="Success" success="True" time="0.624" asserts="0">
                <results>
                  <test-case name="NGit.Api.PullCommandTest.TestPullConflict" executed="True" result="Success" success="True" time="0.156" asserts="10" />
                  <test-case name="NGit.Api.PullCommandTest.TestPullFastForward" executed="True" result="Success" success="True" time="0.140" asserts="11" />
                  <test-case name="NGit.Api.PullCommandTest.TestPullLocalConflict" executed="True" result="Success" success="True" time="0.155" asserts="10" />
                  <test-case name="NGit.Api.PullCommandTest.TestPullMerge" executed="True" result="Success" success="True" time="0.168" asserts="8" />
                </results>
              </test-suite>
              <test-suite type="TestFixture" name="PullCommandWithRebaseTest" executed="True" result="Success" success="True" time="0.757" asserts="0">
                <results>
                  <test-case name="NGit.Api.PullCommandWithRebaseTest.TestPullConflict" executed="True" result="Success" success="True" time="0.180" asserts="10" />
                  <test-case name="NGit.Api.PullCommandWithRebaseTest.TestPullFastForward" executed="True" result="Success" success="True" time="0.180" asserts="11" />
                  <test-case name="NGit.Api.PullCommandWithRebaseTest.TestPullFastForwardWithBranchInSource" executed="True" result="Success" success="True" time="0.209" asserts="7" />
                  <test-case name="NGit.Api.PullCommandWithRebaseTest.TestPullLocalConflict" executed="True" result="Success" success="True" time="0.183" asserts="10" />
                </results>
              </test-suite>
              <test-suite type="TestFixture" name="PushCommandTest" executed="True" result="Success" success="True" time="0.655" asserts="0">
                <results>
                  <test-case name="NGit.Api.PushCommandTest.TestPush" executed="True" result="Success" success="True" time="0.064" asserts="4" />
                  <test-case name="NGit.Api.PushCommandTest.TestPushRefUpdate" executed="True" result="Success" success="True" time="0.342" asserts="10" />
                  <test-case name="NGit.Api.PushCommandTest.TestPushWithoutPushRefSpec" executed="True" result="Success" success="True" time="0.103" asserts="8" />
                  <test-case name="NGit.Api.PushCommandTest.TestPushWithRefSpecFromConfig" executed="True" result="Success" success="True" time="0.060" asserts="4" />
                  <test-case name="NGit.Api.PushCommandTest.TestTrackingUpdate" executed="True" result="Success" success="True" time="0.079" asserts="8" />
                </results>
              </test-suite>
              <test-suite type="TestFixture" name="RebaseCommandTest" executed="True" result="Success" success="True" time="4.758" asserts="0">
                <results>
                  <test-case name="NGit.Api.RebaseCommandTest.TestAuthorScriptConverter" executed="True" result="Success" success="True" time="0.013" asserts="15" />
                  <test-case name="NGit.Api.RebaseCommandTest.TestConflictFreeWithSingleFile" executed="True" result="Success" success="True" time="0.138" asserts="10" />
                  <test-case name="NGit.Api.RebaseCommandTest.TestDetachedHead" executed="True" result="Success" success="True" time="0.141" asserts="9" />
                  <test-case name="NGit.Api.RebaseCommandTest.TestFastForwardWithMultipleCommits" executed="True" result="Success" success="True" time="0.107" asserts="7" />
                  <test-case name="NGit.Api.RebaseCommandTest.TestFastForwardWithMultipleCommitsOnDifferentBranches" executed="True" result="Success" success="True" time="0.180" asserts="7" />
                  <test-case name="NGit.Api.RebaseCommandTest.TestFastForwardWithNewFile" executed="True" result="Success" success="True" time="0.083" asserts="7" />
                  <test-case name="NGit.Api.RebaseCommandTest.TestFilesAddedFromTwoBranches" executed="True" result="Success" success="True" time="0.157" asserts="13" />
                  <test-case name="NGit.Api.RebaseCommandTest.TestMergeFirstStopOnLastConflictAndSkip" executed="True" result="Success" success="True" time="0.181" asserts="9" />
                  <test-case name="NGit.Api.RebaseCommandTest.TestRebaseFailsCantCherryPickMergeCommits" executed="True" result="Success" success="True" time="0.199" asserts="4" />
                  <test-case name="NGit.Api.RebaseCommandTest.TestRebaseParentOntoHeadShouldBeUptoDate" executed="True" result="Success" success="True" time="0.053" asserts="2" />
                  <test-case name="NGit.Api.RebaseCommandTest.TestRebaseShouldBeAbleToHandleEmptyLinesInRebaseTodoFile" executed="True" result="Success" success="True" time="0.014" asserts="4" />
                  <test-case name="NGit.Api.RebaseCommandTest.TestRebaseShouldLeaveWorkspaceUntouchedWithUnstagedChangesConflict" executed="True" result="Success" success="True" time="0.096" asserts="3" />
                  <test-case name="NGit.Api.RebaseCommandTest.TestRebaseWithUncommittedMasterChange" executed="True" result="Success" success="True" time="0.119" asserts="3" />
                  <test-case name="NGit.Api.RebaseCommandTest.TestRebaseWithUncommittedMasterChangeBaseCommit" executed="True" result="Success" success="True" time="0.150" asserts="7" />
                  <test-case name="NGit.Api.RebaseCommandTest.TestRebaseWithUncommittedMasterChangeOtherCommit" executed="True" result="Success" success="True" time="0.165" asserts="7" />
                  <test-case name="NGit.Api.RebaseCommandTest.TestRebaseWithUncommittedTopicChange" executed="True" result="Success" success="True" time="0.116" asserts="5" />
                  <test-case name="NGit.Api.RebaseCommandTest.TestRebaseWithUnstagedMasterChange" executed="True" result="Success" success="True" time="0.109" asserts="3" />
                  <test-case name="NGit.Api.RebaseCommandTest.TestRebaseWithUnstagedMasterChangeBaseCommit" executed="True" result="Success" success="True" time="0.153" asserts="2" />
                  <test-case name="NGit.Api.RebaseCommandTest.TestRebaseWithUnstagedMasterChangeOtherCommit" executed="True" result="Success" success="True" time="0.171" asserts="2" />
                  <test-case name="NGit.Api.RebaseCommandTest.TestRebaseWithUnstagedTopicChange" executed="True" result="Success" success="True" time="0.110" asserts="3" />
                  <test-case name="NGit.Api.RebaseCommandTest.TestRebaseWithUntrackedFile" executed="True" result="Success" success="True" time="0.148" asserts="2" />
                  <test-case name="NGit.Api.RebaseCommandTest.TestRepositoryStateChecks" executed="True" result="Success" success="True" time="0.016" asserts="1" />
                  <test-case name="NGit.Api.RebaseCommandTest.TestStopOnConflict" executed="True" result="Success" success="True" time="0.184" asserts="15" />
                  <test-case name="NGit.Api.RebaseCommandTest.TestStopOnConflictAndContinue" executed="True" result="Success" success="True" time="0.223" asserts="8" />
                  <test-case name="NGit.Api.RebaseCommandTest.TestStopOnConflictAndContinueWithNoDeltaToMaster" executed="True" result="Success" success="True" time="0.141" asserts="8" />
                  <test-case name="NGit.Api.RebaseCommandTest.TestStopOnConflictAndFailContinueIfFileIsDirty" executed="True" result="Success" success="True" time="0.201" asserts="7" />
                  <test-case name="NGit.Api.RebaseCommandTest.TestStopOnConflictAndSkipNoConflict" executed="True" result="Success" success="True" time="0.214" asserts="6" />
                  <test-case name="NGit.Api.RebaseCommandTest.TestStopOnConflictAndSkipWithConflict" executed="True" result="Success" success="True" time="0.196" asserts="6" />
                  <test-case name="NGit.Api.RebaseCommandTest.TestStopOnConflictCommitAndContinue" executed="True" result="Success" success="True" time="0.238" asserts="8" />
                  <test-case name="NGit.Api.RebaseCommandTest.TestStopOnConflictFileCreationAndDeletion" executed="True" result="Success" success="True" time="0.222" asserts="21" />
                  <test-case name="NGit.Api.RebaseCommandTest.TestStopOnLastConflictAndContinue" executed="True" result="Success" success="True" time="0.195" asserts="7" />
                  <test-case name="NGit.Api.RebaseCommandTest.TestStopOnLastConflictAndSkip" executed="True" result="Success" success="True" time="0.203" asserts="7" />
                  <test-case name="NGit.Api.RebaseCommandTest.TestUnknownUpstream" executed="True" result="Success" success="True" time="0.032" asserts="2" />
                  <test-case name="NGit.Api.RebaseCommandTest.TestUpToDate" executed="True" result="Success" success="True" time="0.034" asserts="3" />
                </results>
              </test-suite>
              <test-suite type="TestFixture" name="ReflogCommandTest" executed="True" result="Success" success="True" time="0.176" asserts="0">
                <results>
                  <test-case name="NGit.Api.ReflogCommandTest.TestBranchReflog" executed="True" result="Success" success="True" time="0.101" asserts="8" />
                  <test-case name="NGit.Api.ReflogCommandTest.TestHeadReflog" executed="True" result="Success" success="True" time="0.072" asserts="11" />
                </results>
              </test-suite>
              <test-suite type="TestFixture" name="RenameBranchCommandTest" executed="True" result="Success" success="True" time="0.217" asserts="0">
                <results>
                  <test-case name="NGit.Api.RenameBranchCommandTest.RenameBranchExistingSection" executed="True" result="Success" success="True" time="0.054" asserts="4" />
                  <test-case name="NGit.Api.RenameBranchCommandTest.RenameBranchMultipleConfigValues" executed="True" result="Success" success="True" time="0.053" asserts="11" />
                  <test-case name="NGit.Api.RenameBranchCommandTest.RenameBranchNoConfigValues" executed="True" result="Success" success="True" time="0.052" asserts="6" />
                  <test-case name="NGit.Api.RenameBranchCommandTest.RenameBranchSingleConfigValue" executed="True" result="Success" success="True" time="0.053" asserts="7" />
                </results>
              </test-suite>
              <test-suite type="TestFixture" name="ResetCommandTest" executed="True" result="Success" success="True" time="0.645" asserts="0">
                <results>
                  <test-case name="NGit.Api.ResetCommandTest.TestHardReset" executed="True" result="Success" success="True" time="0.072" asserts="13" />
                  <test-case name="NGit.Api.ResetCommandTest.TestHardResetAfterSquashMerge" executed="True" result="Success" success="True" time="0.083" asserts="6" />
                  <test-case name="NGit.Api.ResetCommandTest.TestHardResetOnTag" executed="True" result="Success" success="True" time="0.078" asserts="3" />
                  <test-case name="NGit.Api.ResetCommandTest.TestMixedReset" executed="True" result="Success" success="True" time="0.067" asserts="13" />
                  <test-case name="NGit.Api.ResetCommandTest.TestMixedResetRetainsSizeAndModifiedTime" executed="True" result="Success" success="True" time="0.059" asserts="17" />
                  <test-case name="NGit.Api.ResetCommandTest.TestPathsReset" executed="True" result="Success" success="True" time="0.065" asserts="11" />
                  <test-case name="NGit.Api.ResetCommandTest.TestPathsResetOnDirs" executed="True" result="Success" success="True" time="0.063" asserts="8" />
                  <test-case name="NGit.Api.ResetCommandTest.TestPathsResetWithRef" executed="True" result="Success" success="True" time="0.063" asserts="8" />
                  <test-case name="NGit.Api.ResetCommandTest.TestResetToNonexistingHEAD" executed="True" result="Success" success="True" time="0.015" asserts="1" />
                  <test-case name="NGit.Api.ResetCommandTest.TestSoftReset" executed="True" result="Success" success="True" time="0.064" asserts="13" />
                </results>
              </test-suite>
              <test-suite type="TestFixture" name="RevertCommandTest" executed="True" result="Success" success="True" time="0.158" asserts="0">
                <results>
                  <test-case name="NGit.Api.RevertCommandTest.TestRevert" executed="True" result="Success" success="True" time="0.158" asserts="12" />
                </results>
              </test-suite>
              <test-suite type="TestFixture" name="RmCommandTest" executed="True" result="Success" success="True" time="0.036" asserts="0">
                <results>
                  <test-case name="NGit.Api.RmCommandTest.TestRemove" executed="True" result="Success" success="True" time="0.035" asserts="3" />
                </results>
              </test-suite>
              <test-suite type="TestFixture" name="StashApplyCommandTest" executed="True" result="Success" success="True" time="1.068" asserts="0">
                <results>
                  <test-case name="NGit.Api.StashApplyCommandTest.IndexAdd" executed="True" result="Success" success="True" time="0.070" asserts="15" />
                  <test-case name="NGit.Api.StashApplyCommandTest.IndexContentConflict" executed="True" result="Success" success="True" time="0.069" asserts="6" />
                  <test-case name="NGit.Api.StashApplyCommandTest.IndexDelete" executed="True" result="Success" success="True" time="0.062" asserts="14" />
                  <test-case name="NGit.Api.StashApplyCommandTest.MultipleEdits" executed="True" result="Success" success="True" time="0.076" asserts="15" />
                  <test-case name="NGit.Api.StashApplyCommandTest.NoStashedCommits" executed="True" result="Success" success="True" time="0.034" asserts="3" />
                  <test-case name="NGit.Api.StashApplyCommandTest.UnstashNoHead" executed="True" result="Success" success="True" time="0.045" asserts="4" />
                  <test-case name="NGit.Api.StashApplyCommandTest.UnstashNonStashCommit" executed="True" result="Success" success="True" time="0.033" asserts="3" />
                  <test-case name="NGit.Api.StashApplyCommandTest.WorkingDirectoryCleanIndexModify" executed="True" result="Success" success="True" time="0.068" asserts="14" />
                  <test-case name="NGit.Api.StashApplyCommandTest.WorkingDirectoryContentConflict" executed="True" result="Success" success="True" time="0.063" asserts="6" />
                  <test-case name="NGit.Api.StashApplyCommandTest.WorkingDirectoryDelete" executed="True" result="Success" success="True" time="0.059" asserts="15" />
                  <test-case name="NGit.Api.StashApplyCommandTest.WorkingDirectoryDeleteIndexAdd" executed="True" result="Success" success="True" time="0.066" asserts="16" />
                  <test-case name="NGit.Api.StashApplyCommandTest.WorkingDirectoryDeleteIndexEdit" executed="True" result="Success" success="True" time="0.068" asserts="15" />
                  <test-case name="NGit.Api.StashApplyCommandTest.WorkingDirectoryEditPreCommit" executed="True" result="Success" success="True" time="0.089" asserts="15" />
                  <test-case name="NGit.Api.StashApplyCommandTest.WorkingDirectoryModify" executed="True" result="Success" success="True" time="0.065" asserts="14" />
                  <test-case name="NGit.Api.StashApplyCommandTest.WorkingDirectoryModifyIndexChanged" executed="True" result="Success" success="True" time="0.076" asserts="15" />
[...]
                  <test-case name="NGit.Util.RawParseUtils_LineMapTest.TestTwoLineFooBar" executed="True" result="Success" success="True" time="0.001" asserts="5" />
                  <test-case name="NGit.Util.RawParseUtils_LineMapTest.TestTwoLineNoLF" executed="True" result="Success" success="True" time="0.001" asserts="5" />
                </results>
              </test-suite>
              <test-suite type="TestFixture" name="RawParseUtils_MatchTest" executed="True" result="Success" success="True" time="0.006" asserts="0">
                <results>
                  <test-case name="NGit.Util.RawParseUtils_MatchTest.TestMatch_Equal" executed="True" result="Success" success="True" time="0.000" asserts="1" />
                  <test-case name="NGit.Util.RawParseUtils_MatchTest.TestMatch_NotEqual" executed="True" result="Success" success="True" time="0.000" asserts="1" />
                  <test-case name="NGit.Util.RawParseUtils_MatchTest.TestMatch_Prefix" executed="True" result="Success" success="True" time="0.001" asserts="2" />
                  <test-case name="NGit.Util.RawParseUtils_MatchTest.TestMatch_TooSmall" executed="True" result="Success" success="True" time="0.001" asserts="1" />
                </results>
              </test-suite>
              <test-suite type="TestFixture" name="RawParseUtils_ParsePersonIdentTest" executed="True" result="Success" success="True" time="0.007" asserts="0">
                <results>
                  <test-case name="NGit.Util.RawParseUtils_ParsePersonIdentTest.TestParsePersonIdent_fuzzyCases" executed="True" result="Success" success="True" time="0.001" asserts="2" />
                  <test-case name="NGit.Util.RawParseUtils_ParsePersonIdentTest.TestParsePersonIdent_incompleteCases" executed="True" result="Success" success="True" time="0.001" asserts="11" />
                  <test-case name="NGit.Util.RawParseUtils_ParsePersonIdentTest.TestParsePersonIdent_legalCases" executed="True" result="Success" success="True" time="0.000" asserts="7" />
                  <test-case name="NGit.Util.RawParseUtils_ParsePersonIdentTest.TestParsePersonIdent_malformedCases" executed="True" result="Success" success="True" time="0.000" asserts="2" />
                </results>
              </test-suite>
              <test-suite type="TestFixture" name="RawParseUtilsTest" executed="True" result="Success" success="True" time="0.005" asserts="0">
                <results>
                  <test-case name="NGit.Util.RawParseUtilsTest.TestParseEncoding_Accept_Latin_One_AsISO8859_1" executed="True" result="Success" success="True" time="0.001" asserts="2" />
                  <test-case name="NGit.Util.RawParseUtilsTest.TestParseEncoding_badEncoding" executed="True" result="Success" success="True" time="0.001" asserts="1" />
                  <test-case name="NGit.Util.RawParseUtilsTest.TestParseEncoding_ISO8859_1_encoding" executed="True" result="Success" success="True" time="0.000" asserts="1" />
                </results>
              </test-suite>
              <test-suite type="TestFixture" name="ReadLinesTest" executed="True" result="Success" success="True" time="0.010" asserts="0">
                <results>
                  <test-case name="NGit.Util.ReadLinesTest.TestReadLines_CRLF" executed="True" result="Success" success="True" time="0.002" asserts="1" />
                  <test-case name="NGit.Util.ReadLinesTest.TestReadLines_endCRLF" executed="True" result="Success" success="True" time="0.000" asserts="1" />
                  <test-case name="NGit.Util.ReadLinesTest.TestReadLines_endLF" executed="True" result="Success" success="True" time="0.000" asserts="1" />
                  <test-case name="NGit.Util.ReadLinesTest.TestReadLines_LF" executed="True" result="Success" success="True" time="0.000" asserts="1" />
                  <test-case name="NGit.Util.ReadLinesTest.TestReadLines_mixed" executed="True" result="Success" success="True" time="0.001" asserts="1" />
                  <test-case name="NGit.Util.ReadLinesTest.TestReadLines_singleLine" executed="True" result="Success" success="True" time="0.000" asserts="1" />
                </results>
              </test-suite>
              <test-suite type="TestFixture" name="RefListTest" executed="True" result="Success" success="True" time="0.048" asserts="0">
                <results>
                  <test-case name="NGit.Util.RefListTest.TestAddToEmptyList" executed="True" result="Success" success="True" time="0.001" asserts="5" />
                  <test-case name="NGit.Util.RefListTest.TestAddToEndOfList" executed="True" result="Success" success="True" time="0.001" asserts="6" />
                  <test-case name="NGit.Util.RefListTest.TestAddToFrontOfList" executed="True" result="Success" success="True" time="0.001" asserts="6" />
                  <test-case name="NGit.Util.RefListTest.TestAddToMiddleOfListByInsertionPosition" executed="True" result="Success" success="True" time="0.001" asserts="9" />
                  <test-case name="NGit.Util.RefListTest.TestBuilder_AddAll" executed="True" result="Success" success="True" time="0.001" asserts="3" />
                  <test-case name="NGit.Util.RefListTest.TestBuilder_AddThenSort" executed="True" result="Success" success="True" time="0.000" asserts="6" />
                  <test-case name="NGit.Util.RefListTest.TestBuilder_Remove" executed="True" result="Success" success="True" time="0.000" asserts="2" />
                  <test-case name="NGit.Util.RefListTest.TestBuilder_Set" executed="True" result="Success" success="True" time="0.001" asserts="9" />
                  <test-case name="NGit.Util.RefListTest.TestBuilder_ToString" executed="True" result="Success" success="True" time="0.001" asserts="1" />
                  <test-case name="NGit.Util.RefListTest.TestCopyConstructorReusesArray" executed="True" result="Success" success="True" time="0.001" asserts="1" />
                  <test-case name="NGit.Util.RefListTest.TestCopyLeadingPrefix" executed="True" result="Success" success="True" time="0.001" asserts="8" />
                  <test-case name="NGit.Util.RefListTest.TestEmpty" executed="True" result="Success" success="True" time="0.002" asserts="7" />
                  <test-case name="NGit.Util.RefListTest.TestEmptyBuilder" executed="True" result="Success" success="True" time="0.001" asserts="9" />
                  <test-case name="NGit.Util.RefListTest.TestFindContainsGet" executed="True" result="Success" success="True" time="0.001" asserts="17" />
                  <test-case name="NGit.Util.RefListTest.TestIterable" executed="True" result="Success" success="True" time="0.001" asserts="6" />
                  <test-case name="NGit.Util.RefListTest.TestPutNewEntry" executed="True" result="Success" success="True" time="0.000" asserts="8" />
                  <test-case name="NGit.Util.RefListTest.TestPutReplaceEntry" executed="True" result="Success" success="True" time="0.000" asserts="8" />
                  <test-case name="NGit.Util.RefListTest.TestRemoveEndOfList" executed="True" result="Success" success="True" time="0.000" asserts="8" />
                  <test-case name="NGit.Util.RefListTest.TestRemoveFrontOfList" executed="True" result="Success" success="True" time="0.000" asserts="8" />
                  <test-case name="NGit.Util.RefListTest.TestRemoveMakesEmpty" executed="True" result="Success" success="True" time="0.001" asserts="2" />
                  <test-case name="NGit.Util.RefListTest.TestRemoveMiddleOfList" executed="True" result="Success" success="True" time="0.001" asserts="8" />
                  <test-case name="NGit.Util.RefListTest.TestSet" executed="True" result="Success" success="True" time="0.000" asserts="7" />
                  <test-case name="NGit.Util.RefListTest.TestToString" executed="True" result="Success" success="True" time="0.001" asserts="1" />
                </results>
              </test-suite>
              <test-suite type="TestFixture" name="RefMapTest" executed="True" result="Success" success="True" time="0.051" asserts="0">
                <results>
                  <test-case name="NGit.Util.RefMapTest.TestClear" executed="True" result="Success" success="True" time="0.001" asserts="4" />
                  <test-case name="NGit.Util.RefMapTest.TestEmpty_NoPrefix1" executed="True" result="Success" success="True" time="0.002" asserts="7" />
                  <test-case name="NGit.Util.RefMapTest.TestEmpty_NoPrefix2" executed="True" result="Success" success="True" time="0.000" asserts="7" />
                  <test-case name="NGit.Util.RefMapTest.TestEmpty_WithPrefix" executed="True" result="Success" success="True" time="0.000" asserts="5" />
                  <test-case name="NGit.Util.RefMapTest.TestEntryType" executed="True" result="Success" success="True" time="0.001" asserts="3" />
                  <test-case name="NGit.Util.RefMapTest.TestEntryTypeSet" executed="True" result="Success" success="True" time="0.001" asserts="3" />
                  <test-case name="NGit.Util.RefMapTest.TestIterator_FailsAtEnd" executed="True" result="Success" success="True" time="0.001" asserts="2" />
                  <test-case name="NGit.Util.RefMapTest.TestIterator_MissingUnresolvedSymbolicRefIsBug" executed="True" result="Success" success="True" time="0.001" asserts="0" />
                  <test-case name="NGit.Util.RefMapTest.TestIterator_RefusesRemove" executed="True" result="Success" success="True" time="0.001" asserts="2" />
                  <test-case name="NGit.Util.RefMapTest.TestMerge_HeadMaster" executed="True" result="Success" success="True" time="0.001" asserts="10" />
                  <test-case name="NGit.Util.RefMapTest.TestMerge_PackedLooseLoose" executed="True" result="Success" success="True" time="0.001" asserts="12" />
                  <test-case name="NGit.Util.RefMapTest.TestMerge_WithPrefix" executed="True" result="Success" success="True" time="0.001" asserts="16" />
                  <test-case name="NGit.Util.RefMapTest.TestNotEmpty_NoPrefix" executed="True" result="Success" success="True" time="0.001" asserts="4" />
                  <test-case name="NGit.Util.RefMapTest.TestNotEmpty_WithPrefix" executed="True" result="Success" success="True" time="0.001" asserts="4" />
                  <test-case name="NGit.Util.RefMapTest.TestPut_CollapseResolved" executed="True" result="Success" success="True" time="0.002" asserts="3" />
                  <test-case name="NGit.Util.RefMapTest.TestPut_KeyMustMatchName_NoPrefix" executed="True" result="Success" success="True" time="0.000" asserts="0" />
                  <test-case name="NGit.Util.RefMapTest.TestPut_KeyMustMatchName_WithPrefix" executed="True" result="Success" success="True" time="0.000" asserts="0" />
                  <test-case name="NGit.Util.RefMapTest.TestPut_NoPrefix" executed="True" result="Success" success="True" time="0.001" asserts="7" />
                  <test-case name="NGit.Util.RefMapTest.TestPut_WithPrefix" executed="True" result="Success" success="True" time="0.001" asserts="7" />
                  <test-case name="NGit.Util.RefMapTest.TestRemove" executed="True" result="Success" success="True" time="0.001" asserts="6" />
                  <test-case name="NGit.Util.RefMapTest.TestToString_NoPrefix" executed="True" result="Success" success="True" time="0.002" asserts="1" />
                  <test-case name="NGit.Util.RefMapTest.TestToString_WithPrefix" executed="True" result="Success" success="True" time="0.001" asserts="1" />
                </results>
              </test-suite>
              <test-suite type="TestFixture" name="RelativeDateFormatterTest" executed="True" result="Success" success="True" time="0.015" asserts="0">
                <results>
                  <test-case name="NGit.Util.RelativeDateFormatterTest.TestFormatDays" executed="True" result="Success" success="True" time="0.000" asserts="2" />
                  <test-case name="NGit.Util.RelativeDateFormatterTest.TestFormatHours" executed="True" result="Success" success="True" time="0.000" asserts="3" />
                  <test-case name="NGit.Util.RelativeDateFormatterTest.TestFormatMinutes" executed="True" result="Success" success="True" time="0.000" asserts="4" />
                  <test-case name="NGit.Util.RelativeDateFormatterTest.TestFormatMonths" executed="True" result="Success" success="True" time="0.001" asserts="3" />
                  <test-case name="NGit.Util.RelativeDateFormatterTest.TestFormatSeconds" executed="True" result="Success" success="True" time="0.000" asserts="2" />
                  <test-case name="NGit.Util.RelativeDateFormatterTest.TestFormatWeeks" executed="True" result="Success" success="True" time="0.000" asserts="2" />
                  <test-case name="NGit.Util.RelativeDateFormatterTest.TestFormatYears" executed="True" result="Success" success="True" time="0.000" asserts="2" />
                  <test-case name="NGit.Util.RelativeDateFormatterTest.TestFormatYearsMonths" executed="True" result="Success" success="True" time="0.001" asserts="5" />
                  <test-case name="NGit.Util.RelativeDateFormatterTest.TestFuture" executed="True" result="Success" success="True" time="0.000" asserts="2" />
                </results>
              </test-suite>
              <test-suite type="TestFixture" name="StringUtilsTest" executed="True" result="Success" success="True" time="0.008" asserts="0">
                <results>
                  <test-case name="NGit.Util.StringUtilsTest.TestEqualsIgnoreCase1" executed="True" result="Success" success="True" time="0.000" asserts="1" />
                  <test-case name="NGit.Util.StringUtilsTest.TestEqualsIgnoreCase2" executed="True" result="Success" success="True" time="0.000" asserts="1" />
                  <test-case name="NGit.Util.StringUtilsTest.TestEqualsIgnoreCase3" executed="True" result="Success" success="True" time="0.000" asserts="2" />
                  <test-case name="NGit.Util.StringUtilsTest.TestEqualsIgnoreCase4" executed="True" result="Success" success="True" time="0.000" asserts="3" />
                  <test-case name="NGit.Util.StringUtilsTest.TestToLowerCaseChar" executed="True" result="Success" success="True" time="0.001" asserts="6" />
                  <test-case name="NGit.Util.StringUtilsTest.TestToLowerCaseString" executed="True" result="Success" success="True" time="0.000" asserts="1" />
                </results>
              </test-suite>
              <test-suite type="TestFixture" name="TemporaryBufferTest" executed="True" result="Success" success="True" time="0.564" asserts="0">
                <results>
                  <test-case name="NGit.Util.TemporaryBufferTest.TestDestroyWhileOpen" executed="True" result="Success" success="True" time="0.022" asserts="0" />
                  <test-case name="NGit.Util.TemporaryBufferTest.TestEmpty" executed="True" result="Success" success="True" time="0.000" asserts="3" />
                  <test-case name="NGit.Util.TemporaryBufferTest.TestHeap" executed="True" result="Success" success="True" time="0.001" asserts="1" />
                  <test-case name="NGit.Util.TemporaryBufferTest.TestInCoreInputStream" executed="True" result="Success" success="True" time="0.001" asserts="1" />
                  <test-case name="NGit.Util.TemporaryBufferTest.TestInCoreLimit_SwitchBeforeAppendByte" executed="True" result="Success" success="True" time="0.144" asserts="6" />
                  <test-case name="NGit.Util.TemporaryBufferTest.TestInCoreLimit_SwitchOnAppendByte" executed="True" result="Success" success="True" time="0.048" asserts="6" />
                  <test-case name="NGit.Util.TemporaryBufferTest.TestInCoreLimit_SwitchOnCopy" executed="True" result="Success" success="True" time="0.091" asserts="6" />
                  <test-case name="NGit.Util.TemporaryBufferTest.TestLarge_SingleWrite" executed="True" result="Success" success="True" time="0.134" asserts="6" />
                  <test-case name="NGit.Util.TemporaryBufferTest.TestOneBlock_BulkWrite" executed="True" result="Success" success="True" time="0.002" asserts="6" />
                  <test-case name="NGit.Util.TemporaryBufferTest.TestOneBlockAndHalf_BulkWrite" executed="True" result="Success" success="True" time="0.002" asserts="6" />
                  <test-case name="NGit.Util.TemporaryBufferTest.TestOneBlockAndHalf_Copy" executed="True" result="Success" success="True" time="0.001" asserts="6" />
                  <test-case name="NGit.Util.TemporaryBufferTest.TestOneBlockAndHalf_SingleWrite" executed="True" result="Success" success="True" time="0.002" asserts="6" />
                  <test-case name="NGit.Util.TemporaryBufferTest.TestOneByte" executed="True" result="Success" success="True" time="0.001" asserts="6" />
                  <test-case name="NGit.Util.TemporaryBufferTest.TestRandomWrites" executed="True" result="Success" success="True" time="0.095" asserts="7" />
                </results>
              </test-suite>
            </results>
          </test-suite>
          <test-suite type="TestFixture" name="ValidRefNameTest" executed="True" result="Success" success="True" time="0.028" asserts="0">
            <results>
              <test-case name="NGit.ValidRefNameTest.TestContainsDot" executed="True" result="Success" success="True" time="0.001" asserts="2" />
              <test-case name="NGit.ValidRefNameTest.TestEmptyString" executed="True" result="Success" success="True" time="0.001" asserts="2" />
              <test-case name="NGit.ValidRefNameTest.TestMustHaveTwoComponents" executed="True" result="Success" success="True" time="0.000" asserts="2" />
              <test-case name="NGit.ValidRefNameTest.TestNoAsciiControlCharacters" executed="True" result="Success" success="True" time="0.001" asserts="32" />
              <test-case name="NGit.ValidRefNameTest.TestNoBareDot" executed="True" result="Success" success="True" time="0.000" asserts="4" />
              <test-case name="NGit.ValidRefNameTest.TestNoDirectorySuffix" executed="True" result="Success" success="True" time="0.000" asserts="1" />
              <test-case name="NGit.ValidRefNameTest.TestNoLeadingOrTrailingDot" executed="True" result="Success" success="True" time="0.001" asserts="4" />
              <test-case name="NGit.ValidRefNameTest.TestNoLockSuffix" executed="True" result="Success" success="True" time="0.001" asserts="1" />
              <test-case name="NGit.ValidRefNameTest.TestNoMagicRefCharacters" executed="True" result="Success" success="True" time="0.000" asserts="9" />
              <test-case name="NGit.ValidRefNameTest.TestNoSpace" executed="True" result="Success" success="True" time="0.001" asserts="1" />
              <test-case name="NGit.ValidRefNameTest.TestRefLogQueryIsValidRef" executed="True" result="Success" success="True" time="0.000" asserts="2" />
              <test-case name="NGit.ValidRefNameTest.TestShellGlob" executed="True" result="Success" success="True" time="0.001" asserts="9" />
              <test-case name="NGit.ValidRefNameTest.TestUnicodeNames" executed="True" result="Success" success="True" time="0.000" asserts="1" />
              <test-case name="NGit.ValidRefNameTest.TestValidHead" executed="True" result="Success" success="True" time="0.000" asserts="4" />
              <test-case name="NGit.ValidRefNameTest.TestValidSpecialCharacters" executed="True" result="Success" success="True" time="0.001" asserts="24" />
              <test-case name="NGit.ValidRefNameTest.TestValidTag" executed="True" result="Success" success="True" time="0.001" asserts="1" />
            </results>
          </test-suite>
        </results>
      </test-suite>
    </results>
  </test-suite>
</test-results>